<?xml version="1.0" encoding="UTF-8"?>
<!-- Generated by org.testng.reporters.JUnitReportReporter -->
<testsuite skipped="0" hostname="XIPL9120" name="com.example.tests.SampleSeleniumTest" tests="1" failures="0" timestamp="14 May 2017 03:18:35 GMT" time="11.056" errors="0">
  <testcase name="testSampleTestSeleniumIDE" time="11.056" classname="com.example.tests.SampleSeleniumTest"/>
</testsuite> <!-- com.example.tests.SampleSeleniumTest -->
