<?xml version="1.0" encoding="UTF-8"?>
<!-- Generated by org.testng.reporters.JUnitReportReporter -->
<testsuite skipped="0" hostname="XIPL9120" name="com.example.tests.HandleBotStrapAlerts" tests="1" failures="0" timestamp="14 May 2017 03:49:07 GMT" time="6.386" errors="0">
  <testcase name="testBootStrapAlerts" time="6.386" classname="com.example.tests.HandleBotStrapAlerts"/>
</testsuite> <!-- com.example.tests.HandleBotStrapAlerts -->
