<?xml version="1.0" encoding="UTF-8"?>
<!-- Generated by org.testng.reporters.JUnitReportReporter -->
<testsuite skipped="0" hostname="XIPL9120" name="com.example.tests.WebdriverWaitExamples" tests="1" failures="0" timestamp="20 May 2017 02:55:51 GMT" time="28.468" errors="0">
  <testcase name="testWebdriverWait" time="28.468" classname="com.example.tests.WebdriverWaitExamples"/>
</testsuite> <!-- com.example.tests.WebdriverWaitExamples -->
