<?xml version="1.0" encoding="UTF-8"?>
<!-- Generated by org.testng.reporters.JUnitReportReporter -->
<testsuite skipped="0" hostname="XIPL9120" name="com.example.tests.HandlingDropDown" tests="2" failures="0" timestamp="20 May 2017 02:29:07 GMT" time="13.226" errors="0">
  <testcase name="testDropDown" time="10.654" classname="com.example.tests.HandlingDropDown"/>
  <testcase name="testMultiSelect" time="2.572" classname="com.example.tests.HandlingDropDown"/>
</testsuite> <!-- com.example.tests.HandlingDropDown -->
