<?xml version="1.0" encoding="UTF-8"?>
<!-- Generated by org.testng.reporters.JUnitReportReporter -->
<testsuite skipped="0" hostname="XIPL9120" name="com.example.tests.WebTableExample" tests="1" failures="0" timestamp="20 May 2017 04:23:25 GMT" time="10.446" errors="0">
  <testcase name="testWebTables" time="10.446" classname="com.example.tests.WebTableExample"/>
</testsuite> <!-- com.example.tests.WebTableExample -->
