<?xml version="1.0" encoding="UTF-8"?>
<!-- Generated by org.testng.reporters.JUnitReportReporter -->
<testsuite skipped="0" hostname="XIPL9120" name="com.example.tests.HandlingAlerts" tests="1" failures="0" timestamp="20 May 2017 02:31:37 GMT" time="13.137" errors="0">
  <testcase name="testAlert" time="13.137" classname="com.example.tests.HandlingAlerts"/>
</testsuite> <!-- com.example.tests.HandlingAlerts -->
