<?xml version="1.0" encoding="UTF-8"?>
<!-- Generated by org.testng.reporters.JUnitReportReporter -->
<testsuite skipped="0" hostname="XIPL9120" name="com.example.tests.ListgroupExample" tests="1" failures="0" timestamp="20 May 2017 02:29:54 GMT" time="12.231" errors="0">
  <testcase name="testListGroup" time="12.231" classname="com.example.tests.ListgroupExample"/>
</testsuite> <!-- com.example.tests.ListgroupExample -->
